[INFO  - 2019-01-21T05:57:30.624Z] GhostDriver - Main - running on port 53347
[INFO  - 2019-01-21T05:57:31.109Z] Session [709e40d0-1d41-11e9-a919-17b2e375d388] - page.settings - {"XSSAuditingEnabled":false,"javascriptCanCloseWindows":true,"javascriptCanOpenWindows":true,"javascriptEnabled":true,"loadImages":true,"localToRemoteUrlAccessEnabled":false,"userAgent":"Mozilla/5.0 (Windows NT 6.1; WOW64) AppleWebKit/538.1 (KHTML, like Gecko) PhantomJS/2.1.1 Safari/538.1","webSecurityEnabled":true}
[INFO  - 2019-01-21T05:57:31.109Z] Session [709e40d0-1d41-11e9-a919-17b2e375d388] - page.customHeaders:  - {}
[INFO  - 2019-01-21T05:57:31.109Z] Session [709e40d0-1d41-11e9-a919-17b2e375d388] - Session.negotiatedCapabilities - {"browserName":"phantomjs","version":"2.1.1","driverName":"ghostdriver","driverVersion":"1.2.0","platform":"windows-7-32bit","javascriptEnabled":true,"takesScreenshot":true,"handlesAlerts":false,"databaseEnabled":false,"locationContextEnabled":false,"applicationCacheEnabled":false,"browserConnectionEnabled":false,"cssSelectorsEnabled":true,"webStorageEnabled":false,"rotatable":false,"acceptSslCerts":false,"nativeEvents":true,"proxy":{"proxyType":"direct"}}
[INFO  - 2019-01-21T05:57:31.109Z] SessionManagerReqHand - _postNewSessionCommand - New Session Created: 709e40d0-1d41-11e9-a919-17b2e375d388
[ERROR - 2019-01-21T05:57:32.191Z] WebElementLocator - _handleLocateCommand - Element(s) NOT Found: GAVE UP. Search Stop Time: 1548050252153

  phantomjs://platform/console++.js:263 in error
[ERROR - 2019-01-21T05:57:33.153Z] WebElementLocator - _handleLocateCommand - Element(s) NOT Found: GAVE UP. Search Stop Time: 1548050253093

  phantomjs://platform/console++.js:263 in error
[ERROR - 2019-01-21T05:57:36.835Z] WebElementLocator - _handleLocateCommand - Element(s) NOT Found: GAVE UP. Search Stop Time: 1548050256795

  phantomjs://platform/console++.js:263 in error
[ERROR - 2019-01-21T05:57:40.458Z] WebElementLocator - _handleLocateCommand - Element(s) NOT Found: GAVE UP. Search Stop Time: 1548050260426

  phantomjs://platform/console++.js:263 in error
[ERROR - 2019-01-21T05:57:41.339Z] WebElementLocator - _handleLocateCommand - Element(s) NOT Found: GAVE UP. Search Stop Time: 1548050261338

  phantomjs://platform/console++.js:263 in error
[ERROR - 2019-01-21T05:57:42.251Z] WebElementLocator - _handleLocateCommand - Element(s) NOT Found: GAVE UP. Search Stop Time: 1548050262187

  phantomjs://platform/console++.js:263 in error
[ERROR - 2019-01-21T05:57:43.141Z] WebElementLocator - _handleLocateCommand - Element(s) NOT Found: GAVE UP. Search Stop Time: 1548050263138

  phantomjs://platform/console++.js:263 in error
[ERROR - 2019-01-21T05:57:44.028Z] WebElementLocator - _handleLocateCommand - Element(s) NOT Found: GAVE UP. Search Stop Time: 1548050264026

  phantomjs://platform/console++.js:263 in error
